<?xml version="1.0" encoding="UTF-8"?>
<!-- Generated by org.testng.reporters.JUnitReportReporter -->
<testsuite skipped="0" hostname="ATMECSINLT-427" name="tests.TestExamples" tests="1" failures="0" timestamp="24 Jun 2021 08:36:40 GMT" time="6.795" errors="0">
  <testcase name="test_1" time="6.795" classname="tests.TestExamples"/>
</testsuite> <!-- tests.TestExamples -->
