<?xml version="1.0" encoding="UTF-8"?>
<!-- Generated by org.testng.reporters.JUnitReportReporter -->
<testsuite skipped="0" hostname="ATMECSINLT-427" name="tests.GetandPostExample" tests="1" failures="0" timestamp="24 Jun 2021 10:41:17 GMT" time="4.711" errors="0">
  <testcase name="testGet" time="4.711" classname="tests.GetandPostExample"/>
</testsuite> <!-- tests.GetandPostExample -->
